<?xml version="1.0" encoding="UTF-8"?>
<testsuite xmlns:xsi="http://www.w3.org/2001/XMLSchema-instance" xsi:noNamespaceSchemaLocation="https://maven.apache.org/surefire/maven-surefire-plugin/xsd/surefire-test-report.xsd" name="br.com.edu.makemagic.api.ServiceTests" time="0.856" tests="1" errors="0" skipped="0" failures="0">
  <properties>
    <property name="sun.desktop" value="gnome"/>
    <property name="awt.toolkit" value="sun.awt.X11.XToolkit"/>
    <property name="java.specification.version" value="11"/>
    <property name="sun.cpu.isalist" value=""/>
    <property name="sun.jnu.encoding" value="UTF-8"/>
    <property name="java.class.path" value="/home/eduardomendes/CoolStuffs/projects/web-projects/makemagicapi/target/test-classes:/home/eduardomendes/CoolStuffs/projects/web-projects/makemagicapi/target/classes:/home/eduardomendes/.m2/repository/org/springframework/boot/spring-boot-starter-data-jpa/2.3.4.RELEASE/spring-boot-starter-data-jpa-2.3.4.RELEASE.jar:/home/eduardomendes/.m2/repository/org/springframework/boot/spring-boot-starter-aop/2.3.4.RELEASE/spring-boot-starter-aop-2.3.4.RELEASE.jar:/home/eduardomendes/.m2/repository/org/springframework/spring-aop/5.2.9.RELEASE/spring-aop-5.2.9.RELEASE.jar:/home/eduardomendes/.m2/repository/org/aspectj/aspectjweaver/1.9.6/aspectjweaver-1.9.6.jar:/home/eduardomendes/.m2/repository/org/springframework/boot/spring-boot-starter-jdbc/2.3.4.RELEASE/spring-boot-starter-jdbc-2.3.4.RELEASE.jar:/home/eduardomendes/.m2/repository/com/zaxxer/HikariCP/3.4.5/HikariCP-3.4.5.jar:/home/eduardomendes/.m2/repository/org/springframework/spring-jdbc/5.2.9.RELEASE/spring-jdbc-5.2.9.RELEASE.jar:/home/eduardomendes/.m2/repository/jakarta/transaction/jakarta.transaction-api/1.3.3/jakarta.transaction-api-1.3.3.jar:/home/eduardomendes/.m2/repository/jakarta/persistence/jakarta.persistence-api/2.2.3/jakarta.persistence-api-2.2.3.jar:/home/eduardomendes/.m2/repository/org/hibernate/hibernate-core/5.4.21.Final/hibernate-core-5.4.21.Final.jar:/home/eduardomendes/.m2/repository/org/jboss/logging/jboss-logging/3.4.1.Final/jboss-logging-3.4.1.Final.jar:/home/eduardomendes/.m2/repository/org/javassist/javassist/3.24.0-GA/javassist-3.24.0-GA.jar:/home/eduardomendes/.m2/repository/net/bytebuddy/byte-buddy/1.10.14/byte-buddy-1.10.14.jar:/home/eduardomendes/.m2/repository/antlr/antlr/2.7.7/antlr-2.7.7.jar:/home/eduardomendes/.m2/repository/org/jboss/jandex/2.1.3.Final/jandex-2.1.3.Final.jar:/home/eduardomendes/.m2/repository/org/dom4j/dom4j/2.1.3/dom4j-2.1.3.jar:/home/eduardomendes/.m2/repository/org/hibernate/common/hibernate-commons-annotations/5.1.0.Final/hibernate-commons-annotations-5.1.0.Final.jar:/home/eduardomendes/.m2/repository/org/glassfish/jaxb/jaxb-runtime/2.3.3/jaxb-runtime-2.3.3.jar:/home/eduardomendes/.m2/repository/org/glassfish/jaxb/txw2/2.3.3/txw2-2.3.3.jar:/home/eduardomendes/.m2/repository/com/sun/istack/istack-commons-runtime/3.0.11/istack-commons-runtime-3.0.11.jar:/home/eduardomendes/.m2/repository/com/sun/activation/jakarta.activation/1.2.2/jakarta.activation-1.2.2.jar:/home/eduardomendes/.m2/repository/org/springframework/data/spring-data-jpa/2.3.4.RELEASE/spring-data-jpa-2.3.4.RELEASE.jar:/home/eduardomendes/.m2/repository/org/springframework/data/spring-data-commons/2.3.4.RELEASE/spring-data-commons-2.3.4.RELEASE.jar:/home/eduardomendes/.m2/repository/org/springframework/spring-orm/5.2.9.RELEASE/spring-orm-5.2.9.RELEASE.jar:/home/eduardomendes/.m2/repository/org/springframework/spring-context/5.2.9.RELEASE/spring-context-5.2.9.RELEASE.jar:/home/eduardomendes/.m2/repository/org/springframework/spring-tx/5.2.9.RELEASE/spring-tx-5.2.9.RELEASE.jar:/home/eduardomendes/.m2/repository/org/springframework/spring-beans/5.2.9.RELEASE/spring-beans-5.2.9.RELEASE.jar:/home/eduardomendes/.m2/repository/org/springframework/spring-aspects/5.2.9.RELEASE/spring-aspects-5.2.9.RELEASE.jar:/home/eduardomendes/.m2/repository/mysql/mysql-connector-java/8.0.21/mysql-connector-java-8.0.21.jar:/home/eduardomendes/.m2/repository/org/springframework/boot/spring-boot-starter-web/2.3.4.RELEASE/spring-boot-starter-web-2.3.4.RELEASE.jar:/home/eduardomendes/.m2/repository/org/springframework/boot/spring-boot-starter/2.3.4.RELEASE/spring-boot-starter-2.3.4.RELEASE.jar:/home/eduardomendes/.m2/repository/org/springframework/boot/spring-boot-starter-logging/2.3.4.RELEASE/spring-boot-starter-logging-2.3.4.RELEASE.jar:/home/eduardomendes/.m2/repository/ch/qos/logback/logback-classic/1.2.3/logback-classic-1.2.3.jar:/home/eduardomendes/.m2/repository/ch/qos/logback/logback-core/1.2.3/logback-core-1.2.3.jar:/home/eduardomendes/.m2/repository/org/apache/logging/log4j/log4j-to-slf4j/2.13.3/log4j-to-slf4j-2.13.3.jar:/home/eduardomendes/.m2/repository/org/apache/logging/log4j/log4j-api/2.13.3/log4j-api-2.13.3.jar:/home/eduardomendes/.m2/repository/org/slf4j/jul-to-slf4j/1.7.30/jul-to-slf4j-1.7.30.jar:/home/eduardomendes/.m2/repository/jakarta/annotation/jakarta.annotation-api/1.3.5/jakarta.annotation-api-1.3.5.jar:/home/eduardomendes/.m2/repository/org/yaml/snakeyaml/1.26/snakeyaml-1.26.jar:/home/eduardomendes/.m2/repository/org/springframework/boot/spring-boot-starter-json/2.3.4.RELEASE/spring-boot-starter-json-2.3.4.RELEASE.jar:/home/eduardomendes/.m2/repository/com/fasterxml/jackson/core/jackson-databind/2.11.2/jackson-databind-2.11.2.jar:/home/eduardomendes/.m2/repository/com/fasterxml/jackson/datatype/jackson-datatype-jdk8/2.11.2/jackson-datatype-jdk8-2.11.2.jar:/home/eduardomendes/.m2/repository/com/fasterxml/jackson/datatype/jackson-datatype-jsr310/2.11.2/jackson-datatype-jsr310-2.11.2.jar:/home/eduardomendes/.m2/repository/com/fasterxml/jackson/module/jackson-module-parameter-names/2.11.2/jackson-module-parameter-names-2.11.2.jar:/home/eduardomendes/.m2/repository/org/springframework/boot/spring-boot-starter-tomcat/2.3.4.RELEASE/spring-boot-starter-tomcat-2.3.4.RELEASE.jar:/home/eduardomendes/.m2/repository/org/apache/tomcat/embed/tomcat-embed-core/9.0.38/tomcat-embed-core-9.0.38.jar:/home/eduardomendes/.m2/repository/org/apache/tomcat/embed/tomcat-embed-websocket/9.0.38/tomcat-embed-websocket-9.0.38.jar:/home/eduardomendes/.m2/repository/org/springframework/spring-web/5.2.9.RELEASE/spring-web-5.2.9.RELEASE.jar:/home/eduardomendes/.m2/repository/org/springframework/spring-webmvc/5.2.9.RELEASE/spring-webmvc-5.2.9.RELEASE.jar:/home/eduardomendes/.m2/repository/org/springframework/spring-expression/5.2.9.RELEASE/spring-expression-5.2.9.RELEASE.jar:/home/eduardomendes/.m2/repository/org/springframework/boot/spring-boot-starter-validation/2.3.4.RELEASE/spring-boot-starter-validation-2.3.4.RELEASE.jar:/home/eduardomendes/.m2/repository/org/glassfish/jakarta.el/3.0.3/jakarta.el-3.0.3.jar:/home/eduardomendes/.m2/repository/org/hibernate/validator/hibernate-validator/6.1.5.Final/hibernate-validator-6.1.5.Final.jar:/home/eduardomendes/.m2/repository/jakarta/validation/jakarta.validation-api/2.0.2/jakarta.validation-api-2.0.2.jar:/home/eduardomendes/.m2/repository/org/springframework/cloud/spring-cloud-starter-netflix-hystrix/2.2.0.M3/spring-cloud-starter-netflix-hystrix-2.2.0.M3.jar:/home/eduardomendes/.m2/repository/org/springframework/cloud/spring-cloud-starter/2.2.0.M3/spring-cloud-starter-2.2.0.M3.jar:/home/eduardomendes/.m2/repository/org/springframework/cloud/spring-cloud-context/2.2.0.M3/spring-cloud-context-2.2.0.M3.jar:/home/eduardomendes/.m2/repository/org/springframework/security/spring-security-crypto/5.3.4.RELEASE/spring-security-crypto-5.3.4.RELEASE.jar:/home/eduardomendes/.m2/repository/org/springframework/cloud/spring-cloud-commons/2.2.0.M3/spring-cloud-commons-2.2.0.M3.jar:/home/eduardomendes/.m2/repository/org/springframework/security/spring-security-rsa/1.0.7.RELEASE/spring-security-rsa-1.0.7.RELEASE.jar:/home/eduardomendes/.m2/repository/org/bouncycastle/bcpkix-jdk15on/1.60/bcpkix-jdk15on-1.60.jar:/home/eduardomendes/.m2/repository/org/bouncycastle/bcprov-jdk15on/1.60/bcprov-jdk15on-1.60.jar:/home/eduardomendes/.m2/repository/org/springframework/cloud/spring-cloud-netflix-hystrix/2.2.0.M3/spring-cloud-netflix-hystrix-2.2.0.M3.jar:/home/eduardomendes/.m2/repository/org/springframework/cloud/spring-cloud-netflix-ribbon/2.2.0.M3/spring-cloud-netflix-ribbon-2.2.0.M3.jar:/home/eduardomendes/.m2/repository/org/springframework/cloud/spring-cloud-netflix-archaius/2.2.0.M3/spring-cloud-netflix-archaius-2.2.0.M3.jar:/home/eduardomendes/.m2/repository/org/springframework/cloud/spring-cloud-starter-netflix-archaius/2.2.0.M3/spring-cloud-starter-netflix-archaius-2.2.0.M3.jar:/home/eduardomendes/.m2/repository/com/netflix/archaius/archaius-core/0.7.6/archaius-core-0.7.6.jar:/home/eduardomendes/.m2/repository/com/google/code/findbugs/jsr305/3.0.1/jsr305-3.0.1.jar:/home/eduardomendes/.m2/repository/commons-configuration/commons-configuration/1.8/commons-configuration-1.8.jar:/home/eduardomendes/.m2/repository/commons-lang/commons-lang/2.6/commons-lang-2.6.jar:/home/eduardomendes/.m2/repository/com/netflix/hystrix/hystrix-core/1.5.18/hystrix-core-1.5.18.jar:/home/eduardomendes/.m2/repository/io/reactivex/rxjava/1.3.8/rxjava-1.3.8.jar:/home/eduardomendes/.m2/repository/org/hdrhistogram/HdrHistogram/2.1.9/HdrHistogram-2.1.9.jar:/home/eduardomendes/.m2/repository/com/netflix/hystrix/hystrix-serialization/1.5.18/hystrix-serialization-1.5.18.jar:/home/eduardomendes/.m2/repository/com/fasterxml/jackson/module/jackson-module-afterburner/2.11.2/jackson-module-afterburner-2.11.2.jar:/home/eduardomendes/.m2/repository/com/fasterxml/jackson/core/jackson-core/2.11.2/jackson-core-2.11.2.jar:/home/eduardomendes/.m2/repository/com/fasterxml/jackson/core/jackson-annotations/2.11.2/jackson-annotations-2.11.2.jar:/home/eduardomendes/.m2/repository/com/netflix/hystrix/hystrix-metrics-event-stream/1.5.18/hystrix-metrics-event-stream-1.5.18.jar:/home/eduardomendes/.m2/repository/com/netflix/hystrix/hystrix-javanica/1.5.18/hystrix-javanica-1.5.18.jar:/home/eduardomendes/.m2/repository/org/apache/commons/commons-lang3/3.10/commons-lang3-3.10.jar:/home/eduardomendes/.m2/repository/org/ow2/asm/asm/5.0.4/asm-5.0.4.jar:/home/eduardomendes/.m2/repository/io/reactivex/rxjava-reactive-streams/1.2.1/rxjava-reactive-streams-1.2.1.jar:/home/eduardomendes/.m2/repository/org/reactivestreams/reactive-streams/1.0.3/reactive-streams-1.0.3.jar:/home/eduardomendes/.m2/repository/org/springframework/boot/spring-boot-devtools/2.3.4.RELEASE/spring-boot-devtools-2.3.4.RELEASE.jar:/home/eduardomendes/.m2/repository/org/springframework/boot/spring-boot/2.3.4.RELEASE/spring-boot-2.3.4.RELEASE.jar:/home/eduardomendes/.m2/repository/org/springframework/boot/spring-boot-autoconfigure/2.3.4.RELEASE/spring-boot-autoconfigure-2.3.4.RELEASE.jar:/home/eduardomendes/.m2/repository/org/projectlombok/lombok/1.18.12/lombok-1.18.12.jar:/home/eduardomendes/.m2/repository/org/springframework/boot/spring-boot-starter-cache/2.3.4.RELEASE/spring-boot-starter-cache-2.3.4.RELEASE.jar:/home/eduardomendes/.m2/repository/org/springframework/spring-context-support/5.2.9.RELEASE/spring-context-support-5.2.9.RELEASE.jar:/home/eduardomendes/.m2/repository/org/springframework/boot/spring-boot-starter-data-redis/2.3.4.RELEASE/spring-boot-starter-data-redis-2.3.4.RELEASE.jar:/home/eduardomendes/.m2/repository/org/springframework/data/spring-data-redis/2.3.4.RELEASE/spring-data-redis-2.3.4.RELEASE.jar:/home/eduardomendes/.m2/repository/org/springframework/data/spring-data-keyvalue/2.3.4.RELEASE/spring-data-keyvalue-2.3.4.RELEASE.jar:/home/eduardomendes/.m2/repository/org/springframework/spring-oxm/5.2.9.RELEASE/spring-oxm-5.2.9.RELEASE.jar:/home/eduardomendes/.m2/repository/io/lettuce/lettuce-core/5.3.4.RELEASE/lettuce-core-5.3.4.RELEASE.jar:/home/eduardomendes/.m2/repository/io/netty/netty-common/4.1.52.Final/netty-common-4.1.52.Final.jar:/home/eduardomendes/.m2/repository/io/netty/netty-handler/4.1.52.Final/netty-handler-4.1.52.Final.jar:/home/eduardomendes/.m2/repository/io/netty/netty-resolver/4.1.52.Final/netty-resolver-4.1.52.Final.jar:/home/eduardomendes/.m2/repository/io/netty/netty-buffer/4.1.52.Final/netty-buffer-4.1.52.Final.jar:/home/eduardomendes/.m2/repository/io/netty/netty-codec/4.1.52.Final/netty-codec-4.1.52.Final.jar:/home/eduardomendes/.m2/repository/io/netty/netty-transport/4.1.52.Final/netty-transport-4.1.52.Final.jar:/home/eduardomendes/.m2/repository/io/projectreactor/reactor-core/3.3.10.RELEASE/reactor-core-3.3.10.RELEASE.jar:/home/eduardomendes/.m2/repository/io/springfox/springfox-swagger2/2.7.0/springfox-swagger2-2.7.0.jar:/home/eduardomendes/.m2/repository/io/swagger/swagger-annotations/1.5.13/swagger-annotations-1.5.13.jar:/home/eduardomendes/.m2/repository/io/swagger/swagger-models/1.5.13/swagger-models-1.5.13.jar:/home/eduardomendes/.m2/repository/io/springfox/springfox-spi/2.7.0/springfox-spi-2.7.0.jar:/home/eduardomendes/.m2/repository/io/springfox/springfox-core/2.7.0/springfox-core-2.7.0.jar:/home/eduardomendes/.m2/repository/io/springfox/springfox-schema/2.7.0/springfox-schema-2.7.0.jar:/home/eduardomendes/.m2/repository/io/springfox/springfox-swagger-common/2.7.0/springfox-swagger-common-2.7.0.jar:/home/eduardomendes/.m2/repository/io/springfox/springfox-spring-web/2.7.0/springfox-spring-web-2.7.0.jar:/home/eduardomendes/.m2/repository/org/reflections/reflections/0.9.11/reflections-0.9.11.jar:/home/eduardomendes/.m2/repository/com/google/guava/guava/18.0/guava-18.0.jar:/home/eduardomendes/.m2/repository/com/fasterxml/classmate/1.5.1/classmate-1.5.1.jar:/home/eduardomendes/.m2/repository/org/slf4j/slf4j-api/1.7.30/slf4j-api-1.7.30.jar:/home/eduardomendes/.m2/repository/org/springframework/plugin/spring-plugin-core/1.2.0.RELEASE/spring-plugin-core-1.2.0.RELEASE.jar:/home/eduardomendes/.m2/repository/org/springframework/plugin/spring-plugin-metadata/1.2.0.RELEASE/spring-plugin-metadata-1.2.0.RELEASE.jar:/home/eduardomendes/.m2/repository/org/mapstruct/mapstruct/1.1.0.Final/mapstruct-1.1.0.Final.jar:/home/eduardomendes/.m2/repository/io/springfox/springfox-swagger-ui/2.7.0/springfox-swagger-ui-2.7.0.jar:/home/eduardomendes/.m2/repository/org/modelmapper/modelmapper/2.3.0/modelmapper-2.3.0.jar:/home/eduardomendes/.m2/repository/com/squareup/retrofit2/retrofit/2.3.0/retrofit-2.3.0.jar:/home/eduardomendes/.m2/repository/com/squareup/okhttp3/okhttp/3.14.9/okhttp-3.14.9.jar:/home/eduardomendes/.m2/repository/com/squareup/okio/okio/1.17.2/okio-1.17.2.jar:/home/eduardomendes/.m2/repository/com/squareup/retrofit2/converter-gson/2.3.0/converter-gson-2.3.0.jar:/home/eduardomendes/.m2/repository/com/google/code/gson/gson/2.8.6/gson-2.8.6.jar:/home/eduardomendes/.m2/repository/org/springframework/boot/spring-boot-starter-test/2.3.4.RELEASE/spring-boot-starter-test-2.3.4.RELEASE.jar:/home/eduardomendes/.m2/repository/org/springframework/boot/spring-boot-test/2.3.4.RELEASE/spring-boot-test-2.3.4.RELEASE.jar:/home/eduardomendes/.m2/repository/org/springframework/boot/spring-boot-test-autoconfigure/2.3.4.RELEASE/spring-boot-test-autoconfigure-2.3.4.RELEASE.jar:/home/eduardomendes/.m2/repository/com/jayway/jsonpath/json-path/2.4.0/json-path-2.4.0.jar:/home/eduardomendes/.m2/repository/net/minidev/json-smart/2.3/json-smart-2.3.jar:/home/eduardomendes/.m2/repository/net/minidev/accessors-smart/1.2/accessors-smart-1.2.jar:/home/eduardomendes/.m2/repository/jakarta/xml/bind/jakarta.xml.bind-api/2.3.3/jakarta.xml.bind-api-2.3.3.jar:/home/eduardomendes/.m2/repository/jakarta/activation/jakarta.activation-api/1.2.2/jakarta.activation-api-1.2.2.jar:/home/eduardomendes/.m2/repository/org/assertj/assertj-core/3.16.1/assertj-core-3.16.1.jar:/home/eduardomendes/.m2/repository/org/hamcrest/hamcrest/2.2/hamcrest-2.2.jar:/home/eduardomendes/.m2/repository/org/junit/jupiter/junit-jupiter/5.6.2/junit-jupiter-5.6.2.jar:/home/eduardomendes/.m2/repository/org/junit/jupiter/junit-jupiter-api/5.6.2/junit-jupiter-api-5.6.2.jar:/home/eduardomendes/.m2/repository/org/apiguardian/apiguardian-api/1.1.0/apiguardian-api-1.1.0.jar:/home/eduardomendes/.m2/repository/org/opentest4j/opentest4j/1.2.0/opentest4j-1.2.0.jar:/home/eduardomendes/.m2/repository/org/junit/platform/junit-platform-commons/1.6.2/junit-platform-commons-1.6.2.jar:/home/eduardomendes/.m2/repository/org/junit/jupiter/junit-jupiter-params/5.6.2/junit-jupiter-params-5.6.2.jar:/home/eduardomendes/.m2/repository/org/junit/jupiter/junit-jupiter-engine/5.6.2/junit-jupiter-engine-5.6.2.jar:/home/eduardomendes/.m2/repository/org/junit/platform/junit-platform-engine/1.6.2/junit-platform-engine-1.6.2.jar:/home/eduardomendes/.m2/repository/org/mockito/mockito-core/3.3.3/mockito-core-3.3.3.jar:/home/eduardomendes/.m2/repository/net/bytebuddy/byte-buddy-agent/1.10.14/byte-buddy-agent-1.10.14.jar:/home/eduardomendes/.m2/repository/org/objenesis/objenesis/2.6/objenesis-2.6.jar:/home/eduardomendes/.m2/repository/org/mockito/mockito-junit-jupiter/3.3.3/mockito-junit-jupiter-3.3.3.jar:/home/eduardomendes/.m2/repository/org/skyscreamer/jsonassert/1.5.0/jsonassert-1.5.0.jar:/home/eduardomendes/.m2/repository/com/vaadin/external/google/android-json/0.0.20131108.vaadin1/android-json-0.0.20131108.vaadin1.jar:/home/eduardomendes/.m2/repository/org/springframework/spring-core/5.2.9.RELEASE/spring-core-5.2.9.RELEASE.jar:/home/eduardomendes/.m2/repository/org/springframework/spring-jcl/5.2.9.RELEASE/spring-jcl-5.2.9.RELEASE.jar:/home/eduardomendes/.m2/repository/org/springframework/spring-test/5.2.9.RELEASE/spring-test-5.2.9.RELEASE.jar:/home/eduardomendes/.m2/repository/org/xmlunit/xmlunit-core/2.7.0/xmlunit-core-2.7.0.jar:"/>
    <property name="java.vm.vendor" value="Ubuntu"/>
    <property name="sun.arch.data.model" value="64"/>
    <property name="java.vendor.url" value="https://ubuntu.com/"/>
    <property name="user.timezone" value=""/>
    <property name="java.vm.specification.version" value="11"/>
    <property name="os.name" value="Linux"/>
    <property name="sun.java.launcher" value="SUN_STANDARD"/>
    <property name="user.country" value="BR"/>
    <property name="sun.boot.library.path" value="/usr/lib/jvm/java-11-openjdk-amd64/lib"/>
    <property name="sun.java.command" value="/home/eduardomendes/CoolStuffs/projects/web-projects/makemagicapi/target/surefire/surefirebooter2005560855268238070.jar /home/eduardomendes/CoolStuffs/projects/web-projects/makemagicapi/target/surefire 2020-09-28T02-52-14_319-jvmRun1 surefire7561298058854262725tmp surefire_017380567859325924615tmp"/>
    <property name="jdk.debug" value="release"/>
    <property name="surefire.test.class.path" value="/home/eduardomendes/CoolStuffs/projects/web-projects/makemagicapi/target/test-classes:/home/eduardomendes/CoolStuffs/projects/web-projects/makemagicapi/target/classes:/home/eduardomendes/.m2/repository/org/springframework/boot/spring-boot-starter-data-jpa/2.3.4.RELEASE/spring-boot-starter-data-jpa-2.3.4.RELEASE.jar:/home/eduardomendes/.m2/repository/org/springframework/boot/spring-boot-starter-aop/2.3.4.RELEASE/spring-boot-starter-aop-2.3.4.RELEASE.jar:/home/eduardomendes/.m2/repository/org/springframework/spring-aop/5.2.9.RELEASE/spring-aop-5.2.9.RELEASE.jar:/home/eduardomendes/.m2/repository/org/aspectj/aspectjweaver/1.9.6/aspectjweaver-1.9.6.jar:/home/eduardomendes/.m2/repository/org/springframework/boot/spring-boot-starter-jdbc/2.3.4.RELEASE/spring-boot-starter-jdbc-2.3.4.RELEASE.jar:/home/eduardomendes/.m2/repository/com/zaxxer/HikariCP/3.4.5/HikariCP-3.4.5.jar:/home/eduardomendes/.m2/repository/org/springframework/spring-jdbc/5.2.9.RELEASE/spring-jdbc-5.2.9.RELEASE.jar:/home/eduardomendes/.m2/repository/jakarta/transaction/jakarta.transaction-api/1.3.3/jakarta.transaction-api-1.3.3.jar:/home/eduardomendes/.m2/repository/jakarta/persistence/jakarta.persistence-api/2.2.3/jakarta.persistence-api-2.2.3.jar:/home/eduardomendes/.m2/repository/org/hibernate/hibernate-core/5.4.21.Final/hibernate-core-5.4.21.Final.jar:/home/eduardomendes/.m2/repository/org/jboss/logging/jboss-logging/3.4.1.Final/jboss-logging-3.4.1.Final.jar:/home/eduardomendes/.m2/repository/org/javassist/javassist/3.24.0-GA/javassist-3.24.0-GA.jar:/home/eduardomendes/.m2/repository/net/bytebuddy/byte-buddy/1.10.14/byte-buddy-1.10.14.jar:/home/eduardomendes/.m2/repository/antlr/antlr/2.7.7/antlr-2.7.7.jar:/home/eduardomendes/.m2/repository/org/jboss/jandex/2.1.3.Final/jandex-2.1.3.Final.jar:/home/eduardomendes/.m2/repository/org/dom4j/dom4j/2.1.3/dom4j-2.1.3.jar:/home/eduardomendes/.m2/repository/org/hibernate/common/hibernate-commons-annotations/5.1.0.Final/hibernate-commons-annotations-5.1.0.Final.jar:/home/eduardomendes/.m2/repository/org/glassfish/jaxb/jaxb-runtime/2.3.3/jaxb-runtime-2.3.3.jar:/home/eduardomendes/.m2/repository/org/glassfish/jaxb/txw2/2.3.3/txw2-2.3.3.jar:/home/eduardomendes/.m2/repository/com/sun/istack/istack-commons-runtime/3.0.11/istack-commons-runtime-3.0.11.jar:/home/eduardomendes/.m2/repository/com/sun/activation/jakarta.activation/1.2.2/jakarta.activation-1.2.2.jar:/home/eduardomendes/.m2/repository/org/springframework/data/spring-data-jpa/2.3.4.RELEASE/spring-data-jpa-2.3.4.RELEASE.jar:/home/eduardomendes/.m2/repository/org/springframework/data/spring-data-commons/2.3.4.RELEASE/spring-data-commons-2.3.4.RELEASE.jar:/home/eduardomendes/.m2/repository/org/springframework/spring-orm/5.2.9.RELEASE/spring-orm-5.2.9.RELEASE.jar:/home/eduardomendes/.m2/repository/org/springframework/spring-context/5.2.9.RELEASE/spring-context-5.2.9.RELEASE.jar:/home/eduardomendes/.m2/repository/org/springframework/spring-tx/5.2.9.RELEASE/spring-tx-5.2.9.RELEASE.jar:/home/eduardomendes/.m2/repository/org/springframework/spring-beans/5.2.9.RELEASE/spring-beans-5.2.9.RELEASE.jar:/home/eduardomendes/.m2/repository/org/springframework/spring-aspects/5.2.9.RELEASE/spring-aspects-5.2.9.RELEASE.jar:/home/eduardomendes/.m2/repository/mysql/mysql-connector-java/8.0.21/mysql-connector-java-8.0.21.jar:/home/eduardomendes/.m2/repository/org/springframework/boot/spring-boot-starter-web/2.3.4.RELEASE/spring-boot-starter-web-2.3.4.RELEASE.jar:/home/eduardomendes/.m2/repository/org/springframework/boot/spring-boot-starter/2.3.4.RELEASE/spring-boot-starter-2.3.4.RELEASE.jar:/home/eduardomendes/.m2/repository/org/springframework/boot/spring-boot-starter-logging/2.3.4.RELEASE/spring-boot-starter-logging-2.3.4.RELEASE.jar:/home/eduardomendes/.m2/repository/ch/qos/logback/logback-classic/1.2.3/logback-classic-1.2.3.jar:/home/eduardomendes/.m2/repository/ch/qos/logback/logback-core/1.2.3/logback-core-1.2.3.jar:/home/eduardomendes/.m2/repository/org/apache/logging/log4j/log4j-to-slf4j/2.13.3/log4j-to-slf4j-2.13.3.jar:/home/eduardomendes/.m2/repository/org/apache/logging/log4j/log4j-api/2.13.3/log4j-api-2.13.3.jar:/home/eduardomendes/.m2/repository/org/slf4j/jul-to-slf4j/1.7.30/jul-to-slf4j-1.7.30.jar:/home/eduardomendes/.m2/repository/jakarta/annotation/jakarta.annotation-api/1.3.5/jakarta.annotation-api-1.3.5.jar:/home/eduardomendes/.m2/repository/org/yaml/snakeyaml/1.26/snakeyaml-1.26.jar:/home/eduardomendes/.m2/repository/org/springframework/boot/spring-boot-starter-json/2.3.4.RELEASE/spring-boot-starter-json-2.3.4.RELEASE.jar:/home/eduardomendes/.m2/repository/com/fasterxml/jackson/core/jackson-databind/2.11.2/jackson-databind-2.11.2.jar:/home/eduardomendes/.m2/repository/com/fasterxml/jackson/datatype/jackson-datatype-jdk8/2.11.2/jackson-datatype-jdk8-2.11.2.jar:/home/eduardomendes/.m2/repository/com/fasterxml/jackson/datatype/jackson-datatype-jsr310/2.11.2/jackson-datatype-jsr310-2.11.2.jar:/home/eduardomendes/.m2/repository/com/fasterxml/jackson/module/jackson-module-parameter-names/2.11.2/jackson-module-parameter-names-2.11.2.jar:/home/eduardomendes/.m2/repository/org/springframework/boot/spring-boot-starter-tomcat/2.3.4.RELEASE/spring-boot-starter-tomcat-2.3.4.RELEASE.jar:/home/eduardomendes/.m2/repository/org/apache/tomcat/embed/tomcat-embed-core/9.0.38/tomcat-embed-core-9.0.38.jar:/home/eduardomendes/.m2/repository/org/apache/tomcat/embed/tomcat-embed-websocket/9.0.38/tomcat-embed-websocket-9.0.38.jar:/home/eduardomendes/.m2/repository/org/springframework/spring-web/5.2.9.RELEASE/spring-web-5.2.9.RELEASE.jar:/home/eduardomendes/.m2/repository/org/springframework/spring-webmvc/5.2.9.RELEASE/spring-webmvc-5.2.9.RELEASE.jar:/home/eduardomendes/.m2/repository/org/springframework/spring-expression/5.2.9.RELEASE/spring-expression-5.2.9.RELEASE.jar:/home/eduardomendes/.m2/repository/org/springframework/boot/spring-boot-starter-validation/2.3.4.RELEASE/spring-boot-starter-validation-2.3.4.RELEASE.jar:/home/eduardomendes/.m2/repository/org/glassfish/jakarta.el/3.0.3/jakarta.el-3.0.3.jar:/home/eduardomendes/.m2/repository/org/hibernate/validator/hibernate-validator/6.1.5.Final/hibernate-validator-6.1.5.Final.jar:/home/eduardomendes/.m2/repository/jakarta/validation/jakarta.validation-api/2.0.2/jakarta.validation-api-2.0.2.jar:/home/eduardomendes/.m2/repository/org/springframework/cloud/spring-cloud-starter-netflix-hystrix/2.2.0.M3/spring-cloud-starter-netflix-hystrix-2.2.0.M3.jar:/home/eduardomendes/.m2/repository/org/springframework/cloud/spring-cloud-starter/2.2.0.M3/spring-cloud-starter-2.2.0.M3.jar:/home/eduardomendes/.m2/repository/org/springframework/cloud/spring-cloud-context/2.2.0.M3/spring-cloud-context-2.2.0.M3.jar:/home/eduardomendes/.m2/repository/org/springframework/security/spring-security-crypto/5.3.4.RELEASE/spring-security-crypto-5.3.4.RELEASE.jar:/home/eduardomendes/.m2/repository/org/springframework/cloud/spring-cloud-commons/2.2.0.M3/spring-cloud-commons-2.2.0.M3.jar:/home/eduardomendes/.m2/repository/org/springframework/security/spring-security-rsa/1.0.7.RELEASE/spring-security-rsa-1.0.7.RELEASE.jar:/home/eduardomendes/.m2/repository/org/bouncycastle/bcpkix-jdk15on/1.60/bcpkix-jdk15on-1.60.jar:/home/eduardomendes/.m2/repository/org/bouncycastle/bcprov-jdk15on/1.60/bcprov-jdk15on-1.60.jar:/home/eduardomendes/.m2/repository/org/springframework/cloud/spring-cloud-netflix-hystrix/2.2.0.M3/spring-cloud-netflix-hystrix-2.2.0.M3.jar:/home/eduardomendes/.m2/repository/org/springframework/cloud/spring-cloud-netflix-ribbon/2.2.0.M3/spring-cloud-netflix-ribbon-2.2.0.M3.jar:/home/eduardomendes/.m2/repository/org/springframework/cloud/spring-cloud-netflix-archaius/2.2.0.M3/spring-cloud-netflix-archaius-2.2.0.M3.jar:/home/eduardomendes/.m2/repository/org/springframework/cloud/spring-cloud-starter-netflix-archaius/2.2.0.M3/spring-cloud-starter-netflix-archaius-2.2.0.M3.jar:/home/eduardomendes/.m2/repository/com/netflix/archaius/archaius-core/0.7.6/archaius-core-0.7.6.jar:/home/eduardomendes/.m2/repository/com/google/code/findbugs/jsr305/3.0.1/jsr305-3.0.1.jar:/home/eduardomendes/.m2/repository/commons-configuration/commons-configuration/1.8/commons-configuration-1.8.jar:/home/eduardomendes/.m2/repository/commons-lang/commons-lang/2.6/commons-lang-2.6.jar:/home/eduardomendes/.m2/repository/com/netflix/hystrix/hystrix-core/1.5.18/hystrix-core-1.5.18.jar:/home/eduardomendes/.m2/repository/io/reactivex/rxjava/1.3.8/rxjava-1.3.8.jar:/home/eduardomendes/.m2/repository/org/hdrhistogram/HdrHistogram/2.1.9/HdrHistogram-2.1.9.jar:/home/eduardomendes/.m2/repository/com/netflix/hystrix/hystrix-serialization/1.5.18/hystrix-serialization-1.5.18.jar:/home/eduardomendes/.m2/repository/com/fasterxml/jackson/module/jackson-module-afterburner/2.11.2/jackson-module-afterburner-2.11.2.jar:/home/eduardomendes/.m2/repository/com/fasterxml/jackson/core/jackson-core/2.11.2/jackson-core-2.11.2.jar:/home/eduardomendes/.m2/repository/com/fasterxml/jackson/core/jackson-annotations/2.11.2/jackson-annotations-2.11.2.jar:/home/eduardomendes/.m2/repository/com/netflix/hystrix/hystrix-metrics-event-stream/1.5.18/hystrix-metrics-event-stream-1.5.18.jar:/home/eduardomendes/.m2/repository/com/netflix/hystrix/hystrix-javanica/1.5.18/hystrix-javanica-1.5.18.jar:/home/eduardomendes/.m2/repository/org/apache/commons/commons-lang3/3.10/commons-lang3-3.10.jar:/home/eduardomendes/.m2/repository/org/ow2/asm/asm/5.0.4/asm-5.0.4.jar:/home/eduardomendes/.m2/repository/io/reactivex/rxjava-reactive-streams/1.2.1/rxjava-reactive-streams-1.2.1.jar:/home/eduardomendes/.m2/repository/org/reactivestreams/reactive-streams/1.0.3/reactive-streams-1.0.3.jar:/home/eduardomendes/.m2/repository/org/springframework/boot/spring-boot-devtools/2.3.4.RELEASE/spring-boot-devtools-2.3.4.RELEASE.jar:/home/eduardomendes/.m2/repository/org/springframework/boot/spring-boot/2.3.4.RELEASE/spring-boot-2.3.4.RELEASE.jar:/home/eduardomendes/.m2/repository/org/springframework/boot/spring-boot-autoconfigure/2.3.4.RELEASE/spring-boot-autoconfigure-2.3.4.RELEASE.jar:/home/eduardomendes/.m2/repository/org/projectlombok/lombok/1.18.12/lombok-1.18.12.jar:/home/eduardomendes/.m2/repository/org/springframework/boot/spring-boot-starter-cache/2.3.4.RELEASE/spring-boot-starter-cache-2.3.4.RELEASE.jar:/home/eduardomendes/.m2/repository/org/springframework/spring-context-support/5.2.9.RELEASE/spring-context-support-5.2.9.RELEASE.jar:/home/eduardomendes/.m2/repository/org/springframework/boot/spring-boot-starter-data-redis/2.3.4.RELEASE/spring-boot-starter-data-redis-2.3.4.RELEASE.jar:/home/eduardomendes/.m2/repository/org/springframework/data/spring-data-redis/2.3.4.RELEASE/spring-data-redis-2.3.4.RELEASE.jar:/home/eduardomendes/.m2/repository/org/springframework/data/spring-data-keyvalue/2.3.4.RELEASE/spring-data-keyvalue-2.3.4.RELEASE.jar:/home/eduardomendes/.m2/repository/org/springframework/spring-oxm/5.2.9.RELEASE/spring-oxm-5.2.9.RELEASE.jar:/home/eduardomendes/.m2/repository/io/lettuce/lettuce-core/5.3.4.RELEASE/lettuce-core-5.3.4.RELEASE.jar:/home/eduardomendes/.m2/repository/io/netty/netty-common/4.1.52.Final/netty-common-4.1.52.Final.jar:/home/eduardomendes/.m2/repository/io/netty/netty-handler/4.1.52.Final/netty-handler-4.1.52.Final.jar:/home/eduardomendes/.m2/repository/io/netty/netty-resolver/4.1.52.Final/netty-resolver-4.1.52.Final.jar:/home/eduardomendes/.m2/repository/io/netty/netty-buffer/4.1.52.Final/netty-buffer-4.1.52.Final.jar:/home/eduardomendes/.m2/repository/io/netty/netty-codec/4.1.52.Final/netty-codec-4.1.52.Final.jar:/home/eduardomendes/.m2/repository/io/netty/netty-transport/4.1.52.Final/netty-transport-4.1.52.Final.jar:/home/eduardomendes/.m2/repository/io/projectreactor/reactor-core/3.3.10.RELEASE/reactor-core-3.3.10.RELEASE.jar:/home/eduardomendes/.m2/repository/io/springfox/springfox-swagger2/2.7.0/springfox-swagger2-2.7.0.jar:/home/eduardomendes/.m2/repository/io/swagger/swagger-annotations/1.5.13/swagger-annotations-1.5.13.jar:/home/eduardomendes/.m2/repository/io/swagger/swagger-models/1.5.13/swagger-models-1.5.13.jar:/home/eduardomendes/.m2/repository/io/springfox/springfox-spi/2.7.0/springfox-spi-2.7.0.jar:/home/eduardomendes/.m2/repository/io/springfox/springfox-core/2.7.0/springfox-core-2.7.0.jar:/home/eduardomendes/.m2/repository/io/springfox/springfox-schema/2.7.0/springfox-schema-2.7.0.jar:/home/eduardomendes/.m2/repository/io/springfox/springfox-swagger-common/2.7.0/springfox-swagger-common-2.7.0.jar:/home/eduardomendes/.m2/repository/io/springfox/springfox-spring-web/2.7.0/springfox-spring-web-2.7.0.jar:/home/eduardomendes/.m2/repository/org/reflections/reflections/0.9.11/reflections-0.9.11.jar:/home/eduardomendes/.m2/repository/com/google/guava/guava/18.0/guava-18.0.jar:/home/eduardomendes/.m2/repository/com/fasterxml/classmate/1.5.1/classmate-1.5.1.jar:/home/eduardomendes/.m2/repository/org/slf4j/slf4j-api/1.7.30/slf4j-api-1.7.30.jar:/home/eduardomendes/.m2/repository/org/springframework/plugin/spring-plugin-core/1.2.0.RELEASE/spring-plugin-core-1.2.0.RELEASE.jar:/home/eduardomendes/.m2/repository/org/springframework/plugin/spring-plugin-metadata/1.2.0.RELEASE/spring-plugin-metadata-1.2.0.RELEASE.jar:/home/eduardomendes/.m2/repository/org/mapstruct/mapstruct/1.1.0.Final/mapstruct-1.1.0.Final.jar:/home/eduardomendes/.m2/repository/io/springfox/springfox-swagger-ui/2.7.0/springfox-swagger-ui-2.7.0.jar:/home/eduardomendes/.m2/repository/org/modelmapper/modelmapper/2.3.0/modelmapper-2.3.0.jar:/home/eduardomendes/.m2/repository/com/squareup/retrofit2/retrofit/2.3.0/retrofit-2.3.0.jar:/home/eduardomendes/.m2/repository/com/squareup/okhttp3/okhttp/3.14.9/okhttp-3.14.9.jar:/home/eduardomendes/.m2/repository/com/squareup/okio/okio/1.17.2/okio-1.17.2.jar:/home/eduardomendes/.m2/repository/com/squareup/retrofit2/converter-gson/2.3.0/converter-gson-2.3.0.jar:/home/eduardomendes/.m2/repository/com/google/code/gson/gson/2.8.6/gson-2.8.6.jar:/home/eduardomendes/.m2/repository/org/springframework/boot/spring-boot-starter-test/2.3.4.RELEASE/spring-boot-starter-test-2.3.4.RELEASE.jar:/home/eduardomendes/.m2/repository/org/springframework/boot/spring-boot-test/2.3.4.RELEASE/spring-boot-test-2.3.4.RELEASE.jar:/home/eduardomendes/.m2/repository/org/springframework/boot/spring-boot-test-autoconfigure/2.3.4.RELEASE/spring-boot-test-autoconfigure-2.3.4.RELEASE.jar:/home/eduardomendes/.m2/repository/com/jayway/jsonpath/json-path/2.4.0/json-path-2.4.0.jar:/home/eduardomendes/.m2/repository/net/minidev/json-smart/2.3/json-smart-2.3.jar:/home/eduardomendes/.m2/repository/net/minidev/accessors-smart/1.2/accessors-smart-1.2.jar:/home/eduardomendes/.m2/repository/jakarta/xml/bind/jakarta.xml.bind-api/2.3.3/jakarta.xml.bind-api-2.3.3.jar:/home/eduardomendes/.m2/repository/jakarta/activation/jakarta.activation-api/1.2.2/jakarta.activation-api-1.2.2.jar:/home/eduardomendes/.m2/repository/org/assertj/assertj-core/3.16.1/assertj-core-3.16.1.jar:/home/eduardomendes/.m2/repository/org/hamcrest/hamcrest/2.2/hamcrest-2.2.jar:/home/eduardomendes/.m2/repository/org/junit/jupiter/junit-jupiter/5.6.2/junit-jupiter-5.6.2.jar:/home/eduardomendes/.m2/repository/org/junit/jupiter/junit-jupiter-api/5.6.2/junit-jupiter-api-5.6.2.jar:/home/eduardomendes/.m2/repository/org/apiguardian/apiguardian-api/1.1.0/apiguardian-api-1.1.0.jar:/home/eduardomendes/.m2/repository/org/opentest4j/opentest4j/1.2.0/opentest4j-1.2.0.jar:/home/eduardomendes/.m2/repository/org/junit/platform/junit-platform-commons/1.6.2/junit-platform-commons-1.6.2.jar:/home/eduardomendes/.m2/repository/org/junit/jupiter/junit-jupiter-params/5.6.2/junit-jupiter-params-5.6.2.jar:/home/eduardomendes/.m2/repository/org/junit/jupiter/junit-jupiter-engine/5.6.2/junit-jupiter-engine-5.6.2.jar:/home/eduardomendes/.m2/repository/org/junit/platform/junit-platform-engine/1.6.2/junit-platform-engine-1.6.2.jar:/home/eduardomendes/.m2/repository/org/mockito/mockito-core/3.3.3/mockito-core-3.3.3.jar:/home/eduardomendes/.m2/repository/net/bytebuddy/byte-buddy-agent/1.10.14/byte-buddy-agent-1.10.14.jar:/home/eduardomendes/.m2/repository/org/objenesis/objenesis/2.6/objenesis-2.6.jar:/home/eduardomendes/.m2/repository/org/mockito/mockito-junit-jupiter/3.3.3/mockito-junit-jupiter-3.3.3.jar:/home/eduardomendes/.m2/repository/org/skyscreamer/jsonassert/1.5.0/jsonassert-1.5.0.jar:/home/eduardomendes/.m2/repository/com/vaadin/external/google/android-json/0.0.20131108.vaadin1/android-json-0.0.20131108.vaadin1.jar:/home/eduardomendes/.m2/repository/org/springframework/spring-core/5.2.9.RELEASE/spring-core-5.2.9.RELEASE.jar:/home/eduardomendes/.m2/repository/org/springframework/spring-jcl/5.2.9.RELEASE/spring-jcl-5.2.9.RELEASE.jar:/home/eduardomendes/.m2/repository/org/springframework/spring-test/5.2.9.RELEASE/spring-test-5.2.9.RELEASE.jar:/home/eduardomendes/.m2/repository/org/xmlunit/xmlunit-core/2.7.0/xmlunit-core-2.7.0.jar:"/>
    <property name="sun.cpu.endian" value="little"/>
    <property name="user.home" value="/home/eduardomendes"/>
    <property name="user.language" value="pt"/>
    <property name="java.specification.vendor" value="Oracle Corporation"/>
    <property name="java.version.date" value="2020-07-14"/>
    <property name="java.home" value="/usr/lib/jvm/java-11-openjdk-amd64"/>
    <property name="file.separator" value="/"/>
    <property name="basedir" value="/home/eduardomendes/CoolStuffs/projects/web-projects/makemagicapi"/>
    <property name="java.vm.compressedOopsMode" value="32-bit"/>
    <property name="line.separator" value="&#10;"/>
    <property name="java.specification.name" value="Java Platform API Specification"/>
    <property name="java.vm.specification.vendor" value="Oracle Corporation"/>
    <property name="java.awt.graphicsenv" value="sun.awt.X11GraphicsEnvironment"/>
    <property name="surefire.real.class.path" value="/home/eduardomendes/CoolStuffs/projects/web-projects/makemagicapi/target/surefire/surefirebooter2005560855268238070.jar"/>
    <property name="sun.management.compiler" value="HotSpot 64-Bit Tiered Compilers"/>
    <property name="java.runtime.version" value="11.0.8+10-post-Ubuntu-0ubuntu120.04"/>
    <property name="user.name" value="eduardomendes"/>
    <property name="path.separator" value=":"/>
    <property name="os.version" value="5.4.0-48-generic"/>
    <property name="java.runtime.name" value="OpenJDK Runtime Environment"/>
    <property name="file.encoding" value="UTF-8"/>
    <property name="java.vm.name" value="OpenJDK 64-Bit Server VM"/>
    <property name="localRepository" value="/home/eduardomendes/.m2/repository"/>
    <property name="java.vendor.url.bug" value="https://bugs.launchpad.net/ubuntu/+source/openjdk-lts"/>
    <property name="java.io.tmpdir" value="/tmp"/>
    <property name="java.version" value="11.0.8"/>
    <property name="user.dir" value="/home/eduardomendes/CoolStuffs/projects/web-projects/makemagicapi"/>
    <property name="os.arch" value="amd64"/>
    <property name="java.vm.specification.name" value="Java Virtual Machine Specification"/>
    <property name="java.awt.printerjob" value="sun.print.PSPrinterJob"/>
    <property name="sun.os.patch.level" value="unknown"/>
    <property name="java.library.path" value="/usr/java/packages/lib:/usr/lib/x86_64-linux-gnu/jni:/lib/x86_64-linux-gnu:/usr/lib/x86_64-linux-gnu:/usr/lib/jni:/lib:/usr/lib"/>
    <property name="java.vm.info" value="mixed mode, sharing"/>
    <property name="java.vendor" value="Ubuntu"/>
    <property name="java.vm.version" value="11.0.8+10-post-Ubuntu-0ubuntu120.04"/>
    <property name="sun.io.unicode.encoding" value="UnicodeLittle"/>
    <property name="java.class.version" value="55.0"/>
  </properties>
  <testcase name="matchingHouseWith" classname="br.com.edu.makemagic.api.ServiceTests" time="0.58"/>
</testsuite>